<?xml version="1.0" encoding="UTF-8"?>
<!-- Generated by org.testng.reporters.JUnitXMLReporter -->
<testsuite ignored="32" hostname="DESKTOP-BOAEE06" failures="0" tests="17" name="Test" time="621.361" errors="0" timestamp="2022-12-22T17:43:22 IST">
  <testcase classname="com.Relistor.testcases.TC_16001_VerifyMetaDetailsandSitemapImplementation" name="runVerifyMetaDetailsandSitemapImplementation" time="38.131"/>
  <testcase classname="com.Relistor.testcases.TC_16002_VerifyGlobalHeaderContentAndCTAFunctionality" name="runVerifyGlobalHeaderContentAndCTAFunctionality" time="17.207"/>
  <testcase classname="com.Relistor.testcases.TC_16003_VerifyFontpropInGlobalHeaderContents" name="runVerifyFontpropInGlobalHeaderContents" time="51.046"/>
  <testcase classname="com.Relistor.testcases.TC_16004_VerifyFooterCharacterMummanImg" name="runVerifyFooterCharacterMummanImg" time="5.271"/>
  <testcase classname="com.Relistor.testcases.TC_16005_VerifyBannerImgsInSec1" name="runVerifyBannerImgsInSec1" time="57.633"/>
  <testcase classname="com.Relistor.testcases.TC_16006_VerifymumanImginSec3BelowAnimationFonts" name="runVerifymumanImginSec3BelowAnimationFonts" time="5.405"/>
  <testcase classname="com.Relistor.testcases.TC_16007_VerifyMummanImgAboveCloudText" name="runVerifyMummanImgAboveCloudText" time="4.974"/>
  <testcase classname="com.Relistor.testcases.TC_16008_VerifyMumanImgInAboutOICSec1" name="runVerifyMumanImgInAboutOICSec1" time="8.736"/>
  <testcase classname="com.Relistor.testcases.TC_16009_VerifyMumanImgNearScrollBarinAboutOIC" name="runVerifyMumanImgInAboutOICSec1" time="13.465"/>
  <testcase classname="com.Relistor.testcases.TC_16010_VerifyMumanImgSec4InAboutOIC" name="runVerifyMumanImgSec4InAboutOIC" time="8.96"/>
  <testcase classname="com.Relistor.testcases.TC_16011_VerifyMumanImgSec1AboutRelistor" name="runVerifyMumanImgSec1AboutRelistor" time="11.36"/>
  <testcase classname="com.Relistor.testcases.TC_16012_VerifyMumanImgInSec2InAboutRelistor" name="runVerifyMumanImgInSec2InAboutRelistor" time="11.762"/>
  <testcase classname="com.Relistor.testcases.TC_16013_VerifyMumanImgSec1InPatientPerspective" name="runVerifyMumanImgSec1InPatientPerspective" time="7.927"/>
  <testcase classname="com.Relistor.testcases.TC_16014_VerifyMumanImgSec1InFAQ" name="runVerifyMumanImgSec1InFAQ" time="7.988"/>
  <testcase classname="com.Relistor.testcases.TC_16015_VerifyMumanImgSec1InResources" name="runVerifyMumanImgSec1InResources" time="8.602"/>
  <testcase classname="com.Relistor.testcases.TC_16016_VerifyMumanImgSec1NearSlideBarInResources" name="runVerifyMumanImgSec1NearSlideBarInResources" time="17.418"/>
  <testcase classname="com.Relistor.testcases.TC_16017_VerifyStickyBarCTA" name="runVerifyMumanImgSec1NearSlideBarInResources" time="10.096"/>
  <testcase classname="com.framework.utils.RelistorReporter" name="@AfterSuite endResult" time="0.0">
    <ignored/>
  </testcase> <!-- @AfterSuite endResult -->
  <testcase classname="com.framework.utils.RelistorReporter" name="@AfterSuite endResult" time="0.0">
    <ignored/>
  </testcase> <!-- @AfterSuite endResult -->
  <testcase classname="com.framework.utils.RelistorReporter" name="@AfterSuite endResult" time="0.0">
    <ignored/>
  </testcase> <!-- @AfterSuite endResult -->
  <testcase classname="com.framework.utils.RelistorReporter" name="@AfterSuite endResult" time="0.0">
    <ignored/>
  </testcase> <!-- @AfterSuite endResult -->
  <testcase classname="com.framework.utils.RelistorReporter" name="@AfterSuite endResult" time="0.0">
    <ignored/>
  </testcase> <!-- @AfterSuite endResult -->
  <testcase classname="com.framework.utils.RelistorReporter" name="@AfterSuite endResult" time="0.0">
    <ignored/>
  </testcase> <!-- @AfterSuite endResult -->
  <testcase classname="com.framework.utils.RelistorReporter" name="@AfterSuite endResult" time="0.0">
    <ignored/>
  </testcase> <!-- @AfterSuite endResult -->
  <testcase classname="com.framework.utils.RelistorReporter" name="@AfterSuite endResult" time="0.0">
    <ignored/>
  </testcase> <!-- @AfterSuite endResult -->
  <testcase classname="com.framework.utils.RelistorReporter" name="@AfterSuite endResult" time="0.0">
    <ignored/>
  </testcase> <!-- @AfterSuite endResult -->
  <testcase classname="com.framework.utils.RelistorReporter" name="@AfterSuite endResult" time="0.0">
    <ignored/>
  </testcase> <!-- @AfterSuite endResult -->
  <testcase classname="com.framework.utils.RelistorReporter" name="@AfterSuite endResult" time="0.0">
    <ignored/>
  </testcase> <!-- @AfterSuite endResult -->
  <testcase classname="com.framework.utils.RelistorReporter" name="@AfterSuite endResult" time="0.0">
    <ignored/>
  </testcase> <!-- @AfterSuite endResult -->
  <testcase classname="com.framework.utils.RelistorReporter" name="@AfterSuite endResult" time="0.0">
    <ignored/>
  </testcase> <!-- @AfterSuite endResult -->
  <testcase classname="com.framework.utils.RelistorReporter" name="@AfterSuite endResult" time="0.0">
    <ignored/>
  </testcase> <!-- @AfterSuite endResult -->
  <testcase classname="com.framework.utils.RelistorReporter" name="@AfterSuite endResult" time="0.0">
    <ignored/>
  </testcase> <!-- @AfterSuite endResult -->
  <testcase classname="com.framework.utils.RelistorReporter" name="@AfterSuite endResult" time="0.0">
    <ignored/>
  </testcase> <!-- @AfterSuite endResult -->
  <testcase classname="com.framework.utils.RelistorReporter" name="@BeforeSuite startReport" time="0.0">
    <ignored/>
  </testcase> <!-- @BeforeSuite startReport -->
  <testcase classname="com.framework.utils.RelistorReporter" name="@BeforeSuite startReport" time="0.0">
    <ignored/>
  </testcase> <!-- @BeforeSuite startReport -->
  <testcase classname="com.framework.utils.RelistorReporter" name="@BeforeSuite startReport" time="0.0">
    <ignored/>
  </testcase> <!-- @BeforeSuite startReport -->
  <testcase classname="com.framework.utils.RelistorReporter" name="@BeforeSuite startReport" time="0.0">
    <ignored/>
  </testcase> <!-- @BeforeSuite startReport -->
  <testcase classname="com.framework.utils.RelistorReporter" name="@BeforeSuite startReport" time="0.0">
    <ignored/>
  </testcase> <!-- @BeforeSuite startReport -->
  <testcase classname="com.framework.utils.RelistorReporter" name="@BeforeSuite startReport" time="0.0">
    <ignored/>
  </testcase> <!-- @BeforeSuite startReport -->
  <testcase classname="com.framework.utils.RelistorReporter" name="@BeforeSuite startReport" time="0.0">
    <ignored/>
  </testcase> <!-- @BeforeSuite startReport -->
  <testcase classname="com.framework.utils.RelistorReporter" name="@BeforeSuite startReport" time="0.0">
    <ignored/>
  </testcase> <!-- @BeforeSuite startReport -->
  <testcase classname="com.framework.utils.RelistorReporter" name="@BeforeSuite startReport" time="0.0">
    <ignored/>
  </testcase> <!-- @BeforeSuite startReport -->
  <testcase classname="com.framework.utils.RelistorReporter" name="@BeforeSuite startReport" time="0.0">
    <ignored/>
  </testcase> <!-- @BeforeSuite startReport -->
  <testcase classname="com.framework.utils.RelistorReporter" name="@BeforeSuite startReport" time="0.0">
    <ignored/>
  </testcase> <!-- @BeforeSuite startReport -->
  <testcase classname="com.framework.utils.RelistorReporter" name="@BeforeSuite startReport" time="0.0">
    <ignored/>
  </testcase> <!-- @BeforeSuite startReport -->
  <testcase classname="com.framework.utils.RelistorReporter" name="@BeforeSuite startReport" time="0.0">
    <ignored/>
  </testcase> <!-- @BeforeSuite startReport -->
  <testcase classname="com.framework.utils.RelistorReporter" name="@BeforeSuite startReport" time="0.0">
    <ignored/>
  </testcase> <!-- @BeforeSuite startReport -->
  <testcase classname="com.framework.utils.RelistorReporter" name="@BeforeSuite startReport" time="0.0">
    <ignored/>
  </testcase> <!-- @BeforeSuite startReport -->
  <testcase classname="com.framework.utils.RelistorReporter" name="@BeforeSuite startReport" time="0.0">
    <ignored/>
  </testcase> <!-- @BeforeSuite startReport -->
</testsuite> <!-- Test -->
